<?xml version="1.0" encoding="UTF-8"?>
<!-- Generated by org.testng.reporters.JUnitReportReporter -->
<testsuite hostname="MAVCHN0821136" failures="0" tests="4" name="com.selenium.sample.ParallelTest" time="5.316" errors="0" timestamp="2021-10-07T16:06:11 IST" skipped="0">
  <testcase classname="com.selenium.sample.ParallelTest" name="search_TestCase" time="1.048"/>
  <system-out/>
  <testcase classname="com.selenium.sample.ParallelTest" name="login_TestCase" time="1.623"/>
  <system-out/>
  <testcase classname="com.selenium.sample.ParallelTest" name="search_TestCase" time="0.726"/>
  <system-out/>
  <testcase classname="com.selenium.sample.ParallelTest" name="login_TestCase" time="1.919"/>
  <system-out/>
</testsuite> <!-- com.selenium.sample.ParallelTest -->
