<?xml version="1.0" encoding="UTF-8"?>
<!-- Generated by org.testng.reporters.JUnitReportReporter -->
<testsuite hostname="MAVCHN0821136" failures="0" tests="1" name="com.selenium.sample.OrangeHRM" time="11.825" errors="0" timestamp="2021-10-10T22:50:06 IST" skipped="0">
  <testcase classname="com.selenium.sample.OrangeHRM" name="testLogin" time="11.825"/>
  <system-out/>
</testsuite> <!-- com.selenium.sample.OrangeHRM -->
