<?xml version="1.0" encoding="UTF-8"?>
<!-- Generated by org.testng.reporters.JUnitReportReporter -->
<testsuite hostname="MAVCHN0821136" failures="0" tests="1" name="com.selenium.sample.AccessDropdown" time="13.550" errors="0" timestamp="2021-10-06T14:28:00 IST" skipped="0">
  <testcase classname="com.selenium.sample.AccessDropdown" name="accessDropDown" time="13.550"/>
  <system-out/>
</testsuite> <!-- com.selenium.sample.AccessDropdown -->
