<?xml version="1.0" encoding="UTF-8"?>
<!-- Generated by org.testng.reporters.JUnitReportReporter -->
<testsuite hostname="MAVCHN0821136" failures="0" tests="1" name="com.selenium.sample.OrangeService" time="17.427" errors="0" timestamp="2021-10-06T10:36:04 IST" skipped="0">
  <testcase classname="com.selenium.sample.OrangeService" name="testLogin" time="17.427"/>
  <system-out/>
</testsuite> <!-- com.selenium.sample.OrangeService -->
