<?xml version="1.0" encoding="UTF-8"?>
<!-- Generated by org.testng.reporters.JUnitReportReporter -->
<testsuite hostname="MAVCHN0821136" failures="0" tests="1" name="com.selenium.sample.WebTableExample" time="4.960" errors="0" timestamp="2021-10-06T15:49:49 IST" skipped="0">
  <testcase classname="com.selenium.sample.WebTableExample" name="getMaxValue" time="4.960"/>
  <system-out/>
</testsuite> <!-- com.selenium.sample.WebTableExample -->
