<?xml version="1.0" encoding="UTF-8"?>
<!-- Generated by org.testng.reporters.JUnitReportReporter -->
<testsuite skipped="0" hostname="MAVCHN0821136" name="com.selenium.sample.ParallelTest" tests="4" failures="0" timestamp="2021-10-14T11:31:41 IST" time="6.099" errors="0">
  <testcase name="login_TestCase" time="2.487" classname="com.selenium.sample.ParallelTest"/>
  <system-out/>
  <testcase name="search_TestCase" time="1.031" classname="com.selenium.sample.ParallelTest"/>
  <system-out/>
  <testcase name="login_TestCase" time="1.556" classname="com.selenium.sample.ParallelTest"/>
  <system-out/>
  <testcase name="search_TestCase" time="1.025" classname="com.selenium.sample.ParallelTest"/>
  <system-out/>
</testsuite> <!-- com.selenium.sample.ParallelTest -->
