<?xml version="1.0" encoding="UTF-8"?>
<!-- Generated by org.testng.reporters.JUnitReportReporter -->
<testsuite hostname="MAVCHN0821136" failures="0" tests="2" name="com.selenium.sample.CrossBrowser" time="25.300" errors="0" timestamp="2021-10-07T15:50:42 IST" skipped="0">
  <testcase classname="com.selenium.sample.CrossBrowser" name="testParameterWithXML" time="12.475"/>
  <system-out/>
  <testcase classname="com.selenium.sample.CrossBrowser" name="testParameterWithXML" time="12.825"/>
  <system-out/>
</testsuite> <!-- com.selenium.sample.CrossBrowser -->
